TN:
SF:scripts/analyzeStockholm.py
DA:2,1,DRtopePqYAaXDqsfpqckwg
DA:3,1,RD5p6zY8y21tVMn08hL1JA
DA:4,1,IWWjrCeOtk8NNtrE95++2g
DA:5,1,wbex0Ytf94b7jE0u9OATig
DA:6,1,H6Ih3lhVTepkL/uzTHkubA
DA:7,1,yZKeSHSA0y5pALILBkgMHw
DA:8,1,+XepbPPhaeYPLw4GL2I/jw
DA:9,1,007WAjx8KJximXkojps+Zg
DA:10,1,uvapiEdHFJv7m1USw1FIlQ
DA:12,1,CxQcbl1VEXs1Nl1p9FZyCw
DA:16,1,qxeSFuiN1Ta0gpTZao0pFA
DA:25,1,KJh+gQt/rcjHg93S+boQYw
DA:43,1,PFCsZhK1qlddOODuotgV2g
DA:85,1,kxa816zGeymZKwRez2s8yw
DA:97,1,R1UN0augLri0/unihKr8sw
DA:143,1,gscOKOU/PEei0YzH2YRisw
DA:160,1,CKoMXMB8Xv5ZC6iTILRdvA
DA:206,1,PCd+tTkojc+/9k3Gg2wfWw
DA:13,0,1n95RiZvoAHs4HjYCiNylA
DA:14,0,2pIzZ6eLCEAA78DTL0TSfw
DA:17,0,30k8RvWqYbfXPBZrRx14UA
DA:18,0,oM76MizxovFxUbC/+fyX4g
DA:28,0,VJYPCXEskatBSSW1bdC3Vg
DA:30,0,IX5FcVtyJecPILWNKUqFmg
DA:31,0,PmGfvEPo1dWy7TGYSlDp3g
DA:32,0,C/clNrn/k2yy4PjkD3MtIw
DA:33,0,8KXelRSK3B3/23su42uwXA
DA:34,0,BQnq2t4dIjotVuUO7iu1dw
DA:35,0,sOvtOfk75TbAtTgkgicGHg
DA:36,0,Ku/fyq9Ls2jvnYiVeoLg5g
DA:37,0,KsjRcmwADux/JsmJgOy5YA
DA:38,0,9Gh9vNn0iNaEtHvPN4Pepw
DA:39,0,sBDYDq4CbQMK6RpEXl6LgA
DA:40,0,kdprZsTYsCUPGyX/HZCf8g
DA:41,0,e3vilJUBJLCZ13EZZYusDA
DA:49,0,J9xaFLnJGcZIDf6W9DWmaA
DA:50,0,LxOoegkZXrKL346u2YPP8Q
DA:51,0,NreEu/CbrPNpY6kzr3IEwA
DA:53,0,DL4EiCf4ZbGrBzE0C8LTtQ
DA:54,0,ZqhDZ781V7J+87SA3xyNtw
DA:55,0,bG4c2CnuWRufLX9qFgSWXw
DA:56,0,9gl0+Q6r6Sdluw4oEU538Q
DA:57,0,LBz6XnrhVmO7CkNCSfsDAg
DA:58,0,00EvFd1VqHo0mMPEcGqw8w
DA:60,0,fWvjs8RXS4pUg69DED42mA
DA:61,0,gyeQaJgQObzI+U2ZVo/7ng
DA:62,0,MLMXT6bqeE5p+/q++xNGRA
DA:63,0,1qaxFKWOuGxjNsK/o5VOsg
DA:64,0,1+KZdt9vKL+bTzE4XP4qVw
DA:65,0,xs66oLv/AIGSNHFY4gZSEA
DA:66,0,vB0lsD07K6iaScrijy2l5g
DA:67,0,qv83STjHZUGk2BQeh8/ddQ
DA:69,0,PRZtilAZfbzijTFeK/BUfg
DA:70,0,s8Qzm4AZPuayT+MzjMBF1A
DA:71,0,JDDoHQTtNxJzwYJI6r/fXA
DA:72,0,Ey+p5TJx2IhjR8tSnFWaVg
DA:73,0,TckmAc/LPKT7NvuRhFsw3Q
DA:74,0,KmC4RdZR4XRjfzVzEYUcgg
DA:75,0,p+Uu1mOrRKHm0+NWedklZw
DA:76,0,lEY0NEnmm4998plPYZ0fGg
DA:77,0,Z+6vw4NeCjLZDAnLCVSKDA
DA:78,0,ZJT8yZPoCWiU6VJrrXPxMQ
DA:79,0,G7XFo62L8t+rWXLGSJ7tyQ
DA:80,0,bSfnaXu93I+zC9qO40ARNA
DA:81,0,d8XTHcYCaOZ4QUqfk18tzQ
DA:82,0,xspjxuMe4zhWT5Jr1sxjRQ
DA:83,0,JmgGQ0xnVYfPsKB1Ve58TQ
DA:86,0,FLqdkCfXNhSYEMgMYFS+bw
DA:87,0,snRmpULtnIYx1boQ/PyZKg
DA:88,0,+wip2uvl+8KX8egMfelWew
DA:90,0,jvFpI3bpZ1zuPn93WXJdyg
DA:91,0,Lth783fo5v+xz0+5l+kVhQ
DA:92,0,oav2pzsNftDYZy+AZ78Uaw
DA:93,0,tkKJIXXgySyk6zNW7AKA9Q
DA:94,0,00MsJmsm312krdMFtx3JVw
DA:95,0,DW3jgHpd1ITc8StztFkaTg
DA:99,0,aEsxNRIOO22qhq6iCuedTQ
DA:100,0,JLcSVaSQpBTmusu8srsYcA
DA:101,0,JS31juc3hL/ePOKxtb+r8w
DA:102,0,ICDUj7FAHsdczt8GcakJGw
DA:103,0,TzINrpE1FS/dlwzYz6ChgA
DA:104,0,nxRzl7VuO/z0Pd8pgUZcFQ
DA:107,0,rgKoR5M2MeGac2KIK0PbVg
DA:108,0,+Q3/aOQHHNzwgV+Yz7179A
DA:109,0,B+ZJQ8zBxPMiDZhsnR0Fag
DA:111,0,UqiKfkgDzL4RdrJ5t/9Oog
DA:112,0,8OAphoVPLx1Md0fj7QXixw
DA:114,0,+DhPqgF/sYB7k2Qvd5EeZQ
DA:115,0,xGcepxVq9rG/IpIhMU6oLw
DA:116,0,m1wer1Bb4bsprbWLX7Jexw
DA:117,0,ZA5Au5lJJ01nTTOvnSql7g
DA:118,0,M+OpuYccbEvg8lq6eUBXkQ
DA:119,0,XXs4KfaFMcrwXpweJD//MQ
DA:120,0,56Y84F4XGy1X+6UORIXr0g
DA:121,0,nHO9Q+1ExDqXiYoqhylyJQ
DA:122,0,96xZGm42/Sdq3vpDJd23AA
DA:123,0,HRmYgrUgQRrlHMAQ7gWdXQ
DA:124,0,DlfyeFFA5nxGorqRNL9JoQ
DA:126,0,5xyPN/EeRgSAsdySEPFevw
DA:127,0,HRmYgrUgQRrlHMAQ7gWdXQ
DA:128,0,JsgGvLYKTdkhZzgw2h7uAA
DA:130,0,jERZ7sCKLP7ShfpRBhZOhA
DA:131,0,HRmYgrUgQRrlHMAQ7gWdXQ
DA:132,0,jGFa/J9p3JYgm3bjxjeH8w
DA:133,0,96xZGm42/Sdq3vpDJd23AA
DA:134,0,HRmYgrUgQRrlHMAQ7gWdXQ
DA:135,0,h3AHeDkITIWfEzhp/25M4w
DA:136,0,96xZGm42/Sdq3vpDJd23AA
DA:137,0,HRmYgrUgQRrlHMAQ7gWdXQ
DA:138,0,pGuN6MehI/438fGvcuFf/g
DA:139,0,oAp0AHFQwR5FqO+/8hF+cQ
DA:140,0,rslpRcvGBfjsGoRrqptdgA
DA:141,0,2L+s4HwIJSPc6PZeXQs9Qw
DA:144,0,TBYz0v+WhW059yBirTCsrQ
DA:145,0,dnZgGAVQAQEbgSKRqVaUfA
DA:146,0,EKuhzG6faLWLYjZc/jxA8A
DA:147,0,6REY8CnDV3oNoF66hyy4Eg
DA:148,0,Xm55vYK+HNRLVzEepA1b5w
DA:149,0,2XwjuFgqc7PjcpCw+x5mFA
DA:151,0,RYhYehIjG91ocb0aVaoBGw
DA:152,0,oa2LOw1/dqvbw+UdOBqYYQ
DA:153,0,3Ax8CxWrdNuTkiPyyGgNCg
DA:157,0,BnpSCYO1cqQhb1C3SFcavA
DA:158,0,LWILTcvARcydjFFyo9qM0A
DA:161,0,ml9jBjp5zj3y5Ub6N5+qeQ
DA:162,0,rJPlKAQ6heA9VYxI5H8nnw
DA:164,0,vb0Qap1+99NSLCv3VnvGHw
DA:165,0,PpfJHSEp3HAuXsn1el8Tpw
DA:166,0,eVF9vsMfQzFb045PQIdglw
DA:167,0,pyhLetfDqqhbO6mLtXhFow
DA:168,0,VGhRwnEw9n5ZY6m3ZS2M0g
DA:170,0,nvC2wQSd9+A9HosQPAjbaQ
DA:171,0,8XVaFClEqlkI9LW28kEO8A
DA:172,0,7pfOe/nF9P3w93yyzBOKBQ
DA:173,0,oRHXdWUBce7PPEcOu0woJA
DA:174,0,D1/tS7Bt7vV6zhWKqkOuOw
DA:177,0,yG1fQjPvEuAbATpIOF5P1Q
DA:178,0,DeQ9dAJbB552TyrUckKR7A
DA:179,0,Ozc4lpQ2FobP4knMAQ9iGw
DA:180,0,rVr8xCpg+QwNu/9o9i40sg
DA:182,0,R0bVgYEruPjmSAHnWdQJXg
DA:183,0,c/Fu1M38p3XCA2iBt/rAQg
DA:185,0,8Mnxj9V8c/VFABFKspmdbw
DA:188,0,xJ+VRXQquIbK8nAww+CS5Q
DA:189,0,HcZPGtnMkzF6D70PS/nvyg
DA:190,0,7d4KvmCdJ4fpTH3/N5nMVw
DA:191,0,CWSOTJRB9sBseju9pK1WrQ
DA:192,0,pFiffjuC9ItwyGn5QwXjkQ
DA:193,0,WD61ul66SEwHkyqNe8WuQg
DA:194,0,CWSOTJRB9sBseju9pK1WrQ
DA:199,0,hG9kwjsgWfmrFgrDsgNBBA
DA:201,0,DP89TjkTj8uiUR+jknpR+Q
DA:202,0,mszOvH5F/z1t9oHVEPehew
DA:204,0,QAkNoJbHDHskNFzwFehfUw
DA:207,0,NrrF1lL+BgKROeP8uCcO9Q
LF:155
LH:18
end_of_record
TN:
SF:scripts/manipulateSILVAtrees.py
DA:2,1,nvTVuOyE4sHsoZJoS0DKyA
DA:4,1,H1rVz1qUHS08OjU0gnAN/Q
DA:5,1,2a7swUZD1iKRNUyNVEp1Fw
DA:6,1,yZKeSHSA0y5pALILBkgMHw
DA:7,1,8DulzYzPmt+HypblNVT4bA
DA:8,1,3zWHPMPihSfTrzGStW9gwA
DA:10,1,sKj8AVNBRysc5btP5EnIng
DA:12,1,eJou6jxwbclkAz73PvGT/g
DA:24,1,L/4T01yl7Vno1osyOCFx1w
DA:25,1,IZamB6uqFKlFF4g9D2dauA
DA:26,1,r+TX1xVyurMOC5XchLFi6Q
DA:27,1,oLs0HF4h4oXIcF0bgvgzaA
DA:29,1,QZn5F4MEaxeLp1PhT/b1wQ
DA:30,1,yuMIvVy4Spgb5/LfAUQ1Nw
DA:31,1,IPhiDzehG6KIU1MIYf9b+g
DA:32,1,m129eAa/xR23PCHzBB6ZSQ
DA:33,1,zM5Km+7MAVCVr3agZBq+AA
DA:35,1,bM/Az7wZ2E01E52MOxMgyA
DA:36,1,jCw1yUjyPTGIdNbKK1q7SQ
DA:37,1,2W5xDnDOvLppxO14ZG4fVg
DA:38,1,ERdpMsvjZNyd//unmEBwZg
DA:39,1,QZn5F4MEaxeLp1PhT/b1wQ
DA:40,1,BrzpcUJGh1L3gGFcZazUWQ
DA:41,1,w7ePLPjbnePP5052NB9Lsw
DA:43,1,cWqyMxVWLt1PsmUZro4/NA
DA:44,1,lJE9RO+ZJCwjqI6N6E8YKA
DA:45,1,azJ44kd+LerSc5qs1Qujhw
DA:46,1,a1gLEccMHcvnUMvZIOPHVQ
DA:47,1,9MZ4WyHjGQbOg5INlEVJTw
DA:48,1,O5gzs0xMWDfHWMqEbZf0lA
DA:49,1,44jX22dk/kTDxbiscEl1oA
DA:50,1,qJuzX7MiUsY5+NJR/JH1JA
DA:51,1,/tRpXdcwYUyt33rD+k0OjA
DA:52,1,hdnQ06rxRwa84C0TvuvuaQ
DA:53,1,AZCRDeqFpvXo7pRz1ihlEQ
DA:54,1,NQxF1sjtEhtZgAgP0K2DhA
DA:55,1,Th6KoybkWF3+1y9ILn1XkQ
DA:58,1,6DCyZIEBUMv0Vz5mGeZ7kQ
DA:59,1,ffAVpGKsrnsXL/EC5C4Lww
DA:60,1,1dSKT6DApUl1868e15OkVg
DA:61,1,D144Ma2Lp0P/J4SreDI3pw
DA:63,1,YsXs55UlpqyXAoh9JzXdrg
DA:64,1,z+aeLVCuj8hTaFBiMQO/RQ
DA:65,1,YsXs55UlpqyXAoh9JzXdrg
DA:67,1,NajL0CJRaga9djQjMU3GOg
DA:68,1,AjCV9v8kKpSbLN6wRkLJAQ
DA:70,1,7AF6KbqMFRJMtCGCNZckNg
DA:71,1,s2Q34BK6nzzYYOGR2oxIjw
DA:72,1,v19bx8dTLbLfvEOxSWfCwg
DA:73,1,sdtakl9iUyvcESzcb75XGg
DA:74,1,sOvtOfk75TbAtTgkgicGHg
DA:75,1,/hyu6tlVPn8MI9FwBgtc8g
DA:76,1,8+cOLm4hXfoOCtqZSOLFmQ
DA:77,1,CEjSD+mEoZMqAys1Uob7lg
DA:79,1,iOihWK+4ynYN0q9/6cvb/g
DA:163,1,xQVNdxAJxuGw1z9RcZmDQw
DA:13,0,A4NHuFrOuOq5czCIXUDzKg
DA:14,0,qAB5pa8cXLeXipMXXQbAaA
DA:15,0,74ROsF0dFELBo6Z20Q8c2g
DA:16,0,HI04piGhi0Kws4eTCKUlUQ
DA:17,0,XF5XSz84ben6VxbWU0nzQQ
DA:18,0,x85ntgTh3G65yyzKSNDoTA
DA:19,0,VI9u9RxxviuHTq6LeiMcsw
DA:21,0,PoZS++gZ0ttIYvFKzacQJw
DA:22,0,KRWH+MkdanCbs4NtTR7PQg
DA:80,0,NfY/+1PbjydoIqpEkM34Ww
DA:81,0,Ev5/hQ1gvdyTT124ygTpoA
DA:82,0,xt6Bo0ftjHSDygxaEixSQA
DA:83,0,PiqOpLLZ0WR3BRozLNuOhA
DA:86,0,jsbe97bYmv/mUFAYYVBruw
DA:87,0,jUqmWuQJ/vwSkJPuSRPqxQ
DA:89,0,25EzAaLwRna4kEeChy+3Pg
DA:91,0,D9vSoRwsNyZeBo4CQqAlyA
DA:92,0,3Jo+pm7XN69IKmYVDADnLg
DA:93,0,rPIbGyWHLoKnfDn2gTRL1w
DA:95,0,mVA9HGv1xAjGmOCAkJtSRQ
DA:97,0,7lGZU43gN+10x7Hsc6lgkQ
DA:98,0,cHYvdTt5TPBvQTDi5ukGsQ
DA:100,0,DzdGFz/M9RmjZ8Ns7oFb2Q
DA:101,0,g/MpcHG4v8d3F3RPRPqwSQ
DA:102,0,rYlRS2gu1kM1eNs3tuVOwg
DA:103,0,I1+7TyUWxcv2lwfc2ErTFQ
DA:104,0,QZn5F4MEaxeLp1PhT/b1wQ
DA:105,0,8l4k6H3HZ5J/Dt/rZcFcGA
DA:106,0,r2ZGXBIvmaV1JeiPoT/Uig
DA:107,0,c19zNa7L+iQpYqtxbQOKpA
DA:108,0,GQSvD1Hv0V8maom3h84kwg
DA:109,0,lZjzC5JarHosXZSiPUFJAQ
DA:110,0,jZTVcVRYz5h8VmtQGF84Gg
DA:113,0,EWRcZNuqmbTUl/R1r5nhkg
DA:114,0,R2icvsDQ9pTA94BVpH8dFg
DA:127,0,aGMYKUjMGiVV9FcLC1Ju6g
DA:129,0,g+4g2hm5ENoAq4GwHp/30A
DA:130,0,sXVRC8Ydemy5av5x76WjQA
DA:131,0,NEINKvHfbFMNWo/NMDo5Cw
DA:132,0,5hG7jaP0c6W/v3xFglVlxg
DA:136,0,bOeWhzycgpBRC5uwhLM8uQ
DA:137,0,tmjI1hL8BQMNcEOnKraU0g
DA:138,0,YZcrvGZ+6KV3CtKbV8CyJg
DA:139,0,lgOsgdzxefqDvtm56mtkiA
DA:140,0,FrVlzeOT6jSoxd5HTVURFQ
DA:141,0,RVg7DYAd2rBxDNXGcErnaw
DA:142,0,Gtk7M96Dn4ZgOJuvn7NhDg
DA:143,0,xxgDIhjgwB6TXL4U+btJiw
DA:144,0,rpvOB1MDCa/lAakLH9pboA
DA:145,0,VkiMcLOcFMLsni5RQKFpEQ
DA:147,0,Q5altNJzeY9G3Y2uWECpKQ
DA:148,0,jbWFCCsLXMK2er+cFhX9zQ
DA:149,0,4dxD2PaUG4+Ch4TzQzNxyw
DA:150,0,lFbr8HJYlL08jRSO/ev2JA
DA:151,0,PzUgGRUnJfiF2o/p6KAFlw
DA:152,0,tktoUAi8GiU9sUwqpkFyIA
DA:153,0,kVjPqwdCkbrzHRm7WXCSqA
DA:155,0,PzUgGRUnJfiF2o/p6KAFlw
DA:156,0,P0GV7i4TtQtTgfN6Fr+s3g
DA:158,0,23iVOwizbxM9V7GkkCaQlg
DA:164,0,wb7PBmxs+KqKhc8M9CThmQ
LF:117
LH:56
end_of_record
TN:
SF:tests/test_manipulateSILVAtrees.py
DA:1,1,E/tvV9JPVDhEcTCkgrwOFw
DA:2,1,yZKeSHSA0y5pALILBkgMHw
DA:3,1,gs/rCTiSvYPViozu77uaJQ
DA:4,1,49hbpcN3bg2pWcICdQtmdQ
DA:6,1,roQT9UCZCrXGuDQKJqtGNA
DA:8,1,WbzkXkBmpeE5Z8gSlIfuvA
DA:9,1,2n7Ar5QQPENeO8C6YLd7gA
DA:10,1,ththJRPK9aBwUf+xch9p9w
DA:11,1,9oSLLWQS/acY4PMgsFpgbw
DA:12,1,jqQdSepckzeogFUc0RudWA
DA:13,1,BoTmTk2C+eiz4aSITbUcsQ
DA:15,1,dNuin8YayTigX0KZUSFLag
DA:16,1,GXFOzbne3Dcx0G7VMufc9g
DA:17,1,tIzcZGtnMLlW0z25kkLTow
DA:19,1,aAJSZeiz/G2PsBHv+VsT6w
DA:20,1,v8iLmBnOK8ViCsBjAA/D7w
DA:21,1,zooBAniaEjbOFXyBCZuWwA
DA:23,1,h972IDogD+2+sNHNZb4U2g
DA:24,1,GENhTsjDwgUo0lMGV7jAUQ
DA:25,1,t9ObF5yRC6sn/Zflkgr1BA
DA:26,1,wJjb6X5iDNBW1YoqZmDoVw
DA:27,1,RRwwSnW+sQ+23lkv4ISQtQ
DA:28,1,R1TjaQH6/t5eWf1l0KAtOA
DA:29,1,Phd7rqqUWPOCADAWA8oOKg
DA:31,1,tSUmb9ocRGT1Y3z1YPtYOQ
DA:32,1,BTRxMUj3LMjGyuHXk/ht/g
DA:33,1,HEa72C8EW2I+E4VA8m0AyA
DA:34,1,o/KwFj1UbDjbl4KvQx7Wwg
DA:35,1,xQkzLeU8nCywlLGT1fashg
DA:36,1,Jn48DbqM2HOcunX17CNcAw
DA:37,1,rNQRwOV8nhjWC4d2YlZweQ
DA:38,1,GENhTsjDwgUo0lMGV7jAUQ
DA:39,1,rNQRwOV8nhjWC4d2YlZweQ
DA:40,1,4YrG2VmO0N3FxcABuZlgbw
DA:41,1,cK0PQ8ma3CGpUKAGgQarkg
DA:42,1,bTy0FtgF/zqu8Hnva2Mupg
DA:43,1,AM27HCJNOQD5MtWmi3FDGg
DA:44,1,vx83hFC6BwzUpDJwfYaYVQ
DA:45,1,ZX+09lFCOR7fVupeAVc4IA
DA:47,1,c/k25xAXuImZmvfbjCNW2g
DA:48,1,o/KwFj1UbDjbl4KvQx7Wwg
DA:49,1,xQkzLeU8nCywlLGT1fashg
DA:50,1,Jn48DbqM2HOcunX17CNcAw
DA:51,1,rNQRwOV8nhjWC4d2YlZweQ
DA:52,1,GENhTsjDwgUo0lMGV7jAUQ
DA:53,1,iJgsv3sfJd5SLNlNl8MioQ
DA:55,1,PCd+tTkojc+/9k3Gg2wfWw
DA:56,1,APy8sv1vBVX6MHZCmVJsgw
LF:48
LH:48
end_of_record
TN:
SF:/usr/lib/python3/dist-packages/six.py
DA:21,1,tWGUWoqlkMhiEPdTvSUrig
DA:23,1,xymRVmeCoF1KMRXQYVMV8A
DA:25,1,rP4JHqAK36dzp9gm59AGTw
DA:26,1,S7y4sCZPz7Tt9orve1SZGw
DA:27,1,LLdv2p3EUGUMcq7ncGKSXQ
DA:28,1,mUDsnWRiqW9R9nTILGKIZg
DA:29,1,aaAPG7jy9GRgr+fPOQGgtw
DA:31,1,BnhTSDoqaUA0yT23MlsPyA
DA:32,1,Y4IFDUjHMHGoLbM7zEsL3w
DA:36,1,tCR9jZPxVNJTOR9Z5VLLKg
DA:37,1,kyj81ZDfOCEW6bVDsznvfg
DA:38,1,nLYk6dil/YppbqH/lyoZgg
DA:40,1,doWrbVupJgJAfioRb7EO5w
DA:41,1,NKq4SE24a2+3Ak9KPmTKzQ
DA:42,1,9N5icHLWxWGWrwIVZvocPQ
DA:43,1,6DFmYC88tNzOyzs2+CzKTQ
DA:44,1,v7zG68uJruWBuFfn/RZKUA
DA:45,1,oK05NmjaBMpy//8zAy5Drg
DA:47,1,mhPY2XYon13qfPvPLdq0Bw
DA:75,1,KFcirSn7LEEM9PwD9tJ1kA
DA:77,1,95uOFqFk4tWTLinn+9TwDQ
DA:80,1,1p7+YWHQZOje9FkbjfPwAQ
DA:82,1,u96DER/qzM66ebtdTgRkkw
DA:83,1,5ANpIFknEGtNXEsl6v2v7A
DA:86,1,ujiuDuqdVZ+7Rb8mtUpHDw
DA:88,1,18xNb1vabhJB42thK26OGQ
DA:89,1,BK+foMhfUltpwhLaXPLX4g
DA:91,1,/x0icpSa98gm0lEyBTfyAA
DA:92,1,37ZvAu23mRbY5Wkz2hb4LQ
DA:93,1,JiOUAQ29G6nLwJbSXR47nw
DA:94,1,xjcDBnSwra0OiNOAYAwoHA
DA:97,1,2evsB+pNS73P4GVsv4eWBQ
DA:100,1,cPa3dAsIk+eSRfSpgwNsyg
DA:103,1,oeSt3sZpG1BS71J9c1jNeQ
DA:105,1,UX23vd5isfKP9MBnH9kkaw
DA:106,1,QLmhXzV56EnprsYOX+PVgA
DA:107,1,z3pLRQG9Egr0PiESB+YiBw
DA:108,1,ffuXOxykz7hiP2zccHBCnA
DA:109,1,FDSiu7SYBLepdqMgtgkBGA
DA:110,1,104PUmTNNf7OpLF2721LiQ
DA:114,1,9gxOUFPj1tZ7C8a0FDcuXA
DA:115,1,/7Vyk7OE428X6k5j8RsNSw
DA:117,1,1DBuiEvAd1PJWLkfWa+ZaA
DA:118,1,2pWrOCLFKtYHR7rUlcgykg
DA:119,1,ksdU3ICuA45suXQb9US1iQ
DA:124,1,qQFOcc+6W6GUVBe4OVkftg
DA:126,1,18xNb1vabhJB42thK26OGQ
DA:127,1,UTPy8mrOQmDyUMdtbQQopA
DA:128,1,jEzXNP+sM5Nr143Nouw1PA
DA:130,1,h+Hd/OAFFidyDiLHx89Eow
DA:136,1,PknTGkFpYQSjipgCSMKqVA
DA:139,1,mK7Au951C8gJHrk7EQrYRw
DA:141,1,0BthA2E7gUH0Zl+aS52uEQ
DA:142,1,8M3Bt0smK5hharkyILTaEA
DA:143,1,z3pLRQG9Egr0PiESB+YiBw
DA:144,1,b6hEqxiNG8fHD8dhdA1PMg
DA:146,1,e07bHqtQm5uHsakQ47bJ5w
DA:147,1,KtbEZCmqCoj6Td7RSCr/VQ
DA:148,1,mAKcqFqfKrTepuuRl1cq0g
DA:149,1,aY8lSKaQbd3twRTBy6CByQ
DA:151,1,J5dUuU4rnezKvyL5fhzMTg
DA:152,1,H2e/xMMPhQFGrzBi0Ktpbg
DA:159,1,9gxOUFPj1tZ7C8a0FDcuXA
DA:160,1,/v0icA0WZLhxsOnkVO4ocg
DA:161,1,+ljhB2/G5+tBZyoBKEDyow
DA:164,1,QvPgTVO439cRFxYMy6YUvg
DA:166,1,/ZvqiDY7XVzMiSFdpC6ZCg
DA:173,1,FqX0nlRkCZxNvFMEuDEVMw
DA:174,1,JFFXdrbfPMGfx+6xo/wIAw
DA:175,1,Dlf1wNX6bJEd9G3nXoto+Q
DA:177,1,MWoU+Lw/3/hNg3TujSQXDA
DA:178,1,v2K7OMsaKGWh8XvTpWSlpw
DA:179,1,gBr6GtOAbR4evGnjYVJLLg
DA:181,1,npm6HoXHsUkDNtepG9IJvA
DA:182,1,ArK7uu8tUmXZLgLEKTwGGw
DA:184,1,LsabRjnXxZJfvbvcYKzE4Q
DA:185,1,sfoDuZPbL4WYYETFfGr85w
DA:186,1,mG+Mp/zmfsGieDylC8U5Ew
DA:187,1,apkQQtiiE4JOuDIBvLOUjQ
DA:189,1,U+k4aRN3i7P5TCNu/ob3pw
DA:190,1,xjcDBnSwra0OiNOAYAwoHA
DA:191,1,qZInzlVOzvgLoUMXGltRLQ
DA:195,1,jqDBa8/h4gkLsHJDvIbQ5w
DA:196,1,xjcDBnSwra0OiNOAYAwoHA
DA:198,1,DOwWzkSyOV62JuVXsoB35g
DA:199,1,Iyc7OFdUwu47XssfhAqplw
DA:200,1,B+ZJQ8zBxPMiDZhsnR0Fag
DA:201,1,OyAd7XQVe5AsqophRH3NVg
DA:202,1,OULwuR/spHGxg5Ge+EwjIQ
DA:203,1,qXcElWOQeMVlwlFCi/NVgw
DA:205,1,qaK2YSBHn8X2obZGA+pMqA
DA:206,1,HhCJS3syEkHS96AswVdQww
DA:207,1,eDOuNrzI1YWbesS8efyVFA
DA:209,1,d2gBSwZ+d0iWOoo/p+4H8Q
DA:216,1,A+aTSnmukCggbg1vYlqKjQ
DA:218,1,1/MDk6uUzFzrhdO9nhBRQw
DA:224,1,nHxUchdAi5AhCUP/3cf09A
DA:226,1,dqlM0xhJ7K3GeSEODXw5rA
DA:229,1,xCci7pjZuww25+j8HXylng
DA:231,1,L4nhhTt7VpLFBxZ19yTv6g
DA:232,1,vwEWfZ1GJ6scZvundhPGVA
DA:235,1,7mIGFt2zjN3PqFI6/EADKA
DA:307,1,w41vn66tdy00/yVzI6zmoA
DA:312,1,XM+i0EacdjdQ8L/NE0irQQ
DA:313,1,uAIAv9z7MYQypoweh/AnsA
DA:314,1,/fr5I+RgIL1a/pBQ2GudAA
DA:315,1,RWkL52D2TSFbvsvoOjyu1w
DA:316,1,MHfQcgrg71kTFMc+CvAO5Q
DA:318,1,MOKpGYAQ9BaYjKglgRAVcA
DA:320,1,dn4/nf0Z6ZdrJpL9x8P8hA
DA:321,1,rg0FdCfPYXeVv5XMGuAsyA
DA:324,1,Eh4RP6Rt5mxr2Az8xrxcjg
DA:326,1,GMdnjmxlQq7EIH/6X5eOeA
DA:329,1,YZzthgWonS2AUjPYBFmgyw
DA:356,1,q7b8M5U9zko6smfsjWQ8fA
DA:357,1,yczSx7UQsR+Nosz6LtXOUA
DA:358,1,MHfQcgrg71kTFMc+CvAO5Q
DA:360,1,r5TzFC3p3aiNkWv6u2Copg
DA:362,1,PI5mk9PC3GDnMYinZyIM5A
DA:366,1,FA0TKVAowk1VR0c7FdSrXg
DA:368,1,9M/QIkPPMkIIMpkZNCjuYg
DA:371,1,mkwhFIYkfuD/uB/S+PMNYg
DA:376,1,pyKel4ZhmHkfjMZEfGKtOg
DA:377,1,B+yt4S7BWfotub3qX6hZGA
DA:378,1,MHfQcgrg71kTFMc+CvAO5Q
DA:380,1,Yjdegr6oNQY5E+KE0Y3SfQ
DA:382,1,Iri4IXB8Tf8b+rlkkGmTCw
DA:386,1,RUPqu3xFsEMnLdaraXQf7Q
DA:388,1,tDdQcy75+vGu+34Lk4PbzQ
DA:391,1,0+vuhIC4LgJsex6aDgsErw
DA:428,1,knshRNaQsbhlbNTVjmAB0A
DA:429,1,HiAv8lhhDWbO74XOHtH8EA
DA:430,1,MHfQcgrg71kTFMc+CvAO5Q
DA:432,1,Td7guYDgBkHV4RiyYM9A/w
DA:434,1,aPMfjZtfB/A0ZOxN2c7/zw
DA:438,1,Y6Zb8FSv9XfBJRGUyEEErA
DA:440,1,bV3cz8vSDgVPSHiiQxR6+A
DA:443,1,YoqJVULwD14TiSgrrB1KRg
DA:449,1,4fwbk2QT6FFEnE8pex2eJQ
DA:450,1,XQM2zkEYo02fLs59rJacjQ
DA:451,1,MHfQcgrg71kTFMc+CvAO5Q
DA:453,1,PTIn1NrgTtdXYSh8c/gWlQ
DA:455,1,p7jdfW9saUHT9Xc92Rgbsw
DA:459,1,lvHM1JqAK76P4TyeU7rURg
DA:461,1,Rgsc/oE6q1ByM38XlElWZA
DA:464,1,0vk8q7oWnVPIiDt+yE1k0Q
DA:467,1,FIWOKNda1rKawV1xZlwvWQ
DA:468,1,rr6LwfTi3/AN/R38FJZL1A
DA:469,1,MHfQcgrg71kTFMc+CvAO5Q
DA:471,1,QfUoh+7sKjgW08Eh6y25pw
DA:473,1,3crwYCE1cX4WaahzZhWGIw
DA:477,1,IVZNSHTzV6AVcG/9rb3/kA
DA:479,1,8l5pR0uZja6iiz7MzQCcyw
DA:480,1,vwEWfZ1GJ6scZvundhPGVA
DA:481,1,rwC0KxtrppjK4hgVR9TVWA
DA:482,1,hODuM0usvfVUNueYV151cQ
DA:483,1,B7m5jC+2SOxRXY8Y27RB2Q
DA:484,1,7/qwHCu3J75xLp+itf0Dvg
DA:485,1,zSYbuThQ1ScNSBEkQWXh3w
DA:487,1,h+Hd/OAFFidyDiLHx89Eow
DA:490,1,QYURsLnlGRprLCrSzY9yHw
DA:494,1,yLX4Xf2dj0MQt9G8qV9NHw
DA:499,1,0iB2TfjBFVKlV4gBAi+xzg
DA:510,1,doWrbVupJgJAfioRb7EO5w
DA:511,1,mlxcVhqop11xqyHny7FcMg
DA:512,1,Zf91ASUw83htAP3/aihDIA
DA:514,1,kQ85amSscU+rOv74W0eO8w
DA:515,1,aizEeOhToiUGTS8UXSUPdg
DA:516,1,2Ktyk0jmwL9dm/HEabwScA
DA:517,1,iTAcaJr5/WpvqtfeU+p7yg
DA:528,1,RuZ5KcncCoRYUb0REMXZIg
DA:529,1,ZLwheAQvd8NgGrboW4cIAQ
DA:533,1,7StZBorBPaP4147Z4Kpokg
DA:536,1,RuZ5KcncCoRYUb0REMXZIg
DA:537,1,nI3m+alIxqJLycYJfy3OhQ
DA:543,1,doWrbVupJgJAfioRb7EO5w
DA:544,1,W15gQEfEcif8/NHYGksUcg
DA:547,1,F/k7U0zRyriGsvou8yrY4w
DA:549,1,DhhdkN3Wx41tWEKBBxIPFQ
DA:552,1,VWuVq6Ysgm8nUEBFrcdOyA
DA:569,1,wyzcU9CC2LwgCJj9pscknw
DA:573,1,U3VkF8LPSlUGii5OZCAASw
DA:574,1,NCeJiyW9umRdO7N2Zo6lmQ
DA:575,1,zd6EKn/K1cSKdkgUZiPe4Q
DA:576,1,7Q1IKzUvXM8HGYL6YPfatw
DA:577,1,cojbwOSw0oCuC7QYhFhHxg
DA:578,1,DalQZiGCsgN2P53bDh5wLQ
DA:581,1,doWrbVupJgJAfioRb7EO5w
DA:582,1,zlvVSkP8NHzJeIw4bTS6YQ
DA:585,1,K/Yx+COIilQg8sCWnpsMWw
DA:588,1,IfCIpJMedKUycYAgDHfUBw
DA:589,1,V5AeZVT3Gszvp+Z5qiCKUg
DA:591,1,Kckgh8njXMact7nP1Ok3FQ
DA:594,1,fejUrlTF4yiFk7CrXD3GvQ
DA:596,1,lkapr+O+7H/MeCvTYw6rZA
DA:598,1,hCgqE2hoXB7CZvGubyTupg
DA:618,1,qgboRLuByy/yPc3IPRTNkw
DA:619,1,QGceQ5gGKT9tyNwaXXcKlw
DA:620,1,ZvU1OPc5blSqQgPLI3n5mw
DA:622,1,24IqzmBSDddP+D2qqMlG9Q
DA:626,1,doWrbVupJgJAfioRb7EO5w
DA:627,1,RThxbXap415r5yIkZ6mtkA
DA:630,1,yc0FTu2WQKXt2RhDJRZ75Q
DA:632,1,QLBEuxWW6TNPDk6sXIURPw
DA:633,1,qAH/dYS0SjI1mJnVw0Wlfw
DA:634,1,LBsrG8OUJV8uaj7B1JiJIA
DA:635,1,dNyILcbXw47J/0180SH/wg
DA:636,1,aM68Pswadt/WWBJwdEz01A
DA:637,1,MJrGmz16XRYK9zbemvSTJw
DA:638,1,vMAFf/EikpHdzmmmBxgTvQ
DA:639,1,t69LhOrYrhN9k2TQ2py0GA
DA:640,1,ltJ/T8vDxnP6oIr0RdnrbA
DA:641,1,ixZBi9nikyM9rEPK7+7vWg
DA:642,1,fxK+DPxxdNZFc+hT05iBZQ
DA:643,1,VXrt3QOXWNAPXJuD082Xsg
DA:644,1,8H8srYK8KgjVVKdZs8z7NQ
DA:649,1,us5KcCHR1HuMSzodqgKGMA
DA:650,1,6l689BZNfYrKMQJlzecBfA
DA:651,1,Nj4aUnnIEldChRID2atfgA
DA:674,1,6ZLFYyWxsvSsieU6jN2WbQ
DA:675,1,en/9SG7aaKrkbC8VIpXcHA
DA:678,1,Ka3H3N2joxflDtKSP6r4sg
DA:682,1,Sdqzla+jgrzD/hJ7YHkdCw
DA:686,1,dlApP2ujiMzmc75pFs1Lqw
DA:690,1,qEJwZ8joKsEEmm1HKbMM1g
DA:694,1,doWrbVupJgJAfioRb7EO5w
DA:695,1,vZoi+qRiWiXSr6PrXcNpGg
DA:697,1,lg/6aMKbp2MIXO51qShHJA
DA:729,1,n4KQPID0dEdZUfIAvbrkGQ
DA:730,1,KAmR9CHbUOfFMdP0yp0mSA
DA:741,1,BOJvOk1B98y1bwa4atnuhQ
DA:742,1,cZjLgPIfTnuQMAYiKNXeWQ
DA:796,1,JVsg0jfd+ETQgCBOGqvZhw
DA:806,1,lEq7yFALqqS1uyjHxb5zOQ
DA:808,1,yX/vYLAaJHeQgMRHb/XZzg
DA:837,1,1o2mo3dRS5cTYzKzCTaJrg
DA:840,1,jaExX9P4DOeZkU67FWXl/Q
DA:864,1,OC1OMbB6K6l4Mikziu/UDA
DA:866,1,FUlGlRQlu0nTzpBkxscYDw
DA:867,1,KnSVsZS6rvJ3dqSYiGY24A
DA:868,1,8aFnyOk3nIv/00x+I6EuHg
DA:869,1,sJ+9t6hxdDpopIYv4foEKw
DA:874,1,1rs7ITPSV6Ode2JqDfT03Q
DA:875,1,BaKr7TacRhNaXTB1Utiv2w
DA:876,1,y6/4JEAeyyKuHbyBo7KPZQ
DA:877,1,aoZth1m/6PVRtIjPS9yV1w
DA:878,1,sNOO3uEeQZ5eUBPPrrjEJw
DA:879,1,uLR4Zy6Vf10KYq89VxqnSg
DA:882,1,jZrmarKBl6Sl5lWF5zecTA
DA:901,1,NcNyJ5NYBJDcsD9b0laZCg
DA:921,1,bXwulC3HtBojSmg1iCawpw
DA:940,1,4j1OVfGaqTdEPWreHwGfrg
DA:961,1,XnO6b1M8Y9C2XWdJPTFOWw
DA:962,1,ZHwX92GCCIXgppdotdJxSw
DA:963,1,fxTEAhNXUPPQ7bJuYCYmFA
DA:964,1,7/MNdMIDGG+2M+tvv8DWgg
DA:968,1,+0tUw04d4XCTDiItUw7xJA
DA:969,1,VWHaljcD8LAt3MSAmA7S4w
DA:974,1,ELvn+EcKR6kmB5CUvlCwrg
DA:978,1,eWIR7XTEgA/mg152XX7yxg
DA:980,1,0edMn7kgCg3cyEpxHuN3vw
DA:49,0,EBiMi108Ca76aZkS9IndWw
DA:50,0,xoXP+NnG6kDav0HIbbBhjg
DA:51,0,9CC2Ly9QUY7a8wLtxpPU+g
DA:52,0,83kX8AEtbWKWTkT6OZwT7g
DA:53,0,b3ftRooE8bWGCihkOea/2Q
DA:55,0,iVDhrGDqidKOkWhusRqCKA
DA:57,0,i7xrqOwabWx6joWK5NlmOg
DA:60,0,HhxRoe4uU4JuhvzsaKwE7w
DA:62,0,ZMfJQsYgHdKRUj9Wn9uCMg
DA:63,0,hEOijIr2NmPx76eDuOH3Qw
DA:64,0,xjcDBnSwra0OiNOAYAwoHA
DA:65,0,L1yvnvs6XAXCHJ82Sdkyxg
DA:66,0,lcMcSHSasR2+nwhz9abuoA
DA:68,0,DuxCz0OYGZ1yXnFmCXwwtA
DA:71,0,Flzro36Vo0LmOakqg2oaLg
DA:72,0,7CGPRTcg6jYrB9HKnFD5iw
DA:98,0,TulZRDVyZgwaluSyPp9m8w
DA:99,0,B+ZJQ8zBxPMiDZhsnR0Fag
DA:112,0,ElPSZq+EYobUgp1PNICyMA
DA:120,0,aO1euqh3iz15c7Oqg3sbNg
DA:121,0,BorTe+0HQpcr3zDD5zth5A
DA:131,0,H1ObAeSwIgZbAXm91mwFmw
DA:132,0,Ks9yCLhGd4rlJNIF41EaKA
DA:133,0,KQ6dUxI1xCV6W2fUlWRuAA
DA:145,0,4CmxcbduyAeSmsmzFiZ/oA
DA:154,0,xVz5TnPXAFkLWNpEgqtxLQ
DA:155,0,avxKnK4+DsfB5H68Y60hIg
DA:156,0,E+TPwzQfXQZp7xFuC9Cirg
DA:157,0,O0ztPg8kL738G+1ETISg7A
DA:192,0,Iyc7OFdUwu47XssfhAqplw
DA:193,0,y1GRsmgpIdw6mUr/7j4FcA
DA:222,0,TSBOQe4cC61LVxUhGxvS1A
DA:223,0,apkQQtiiE4JOuDIBvLOUjQ
DA:308,0,dR6lE1gdGT6T1A50w3TneA
DA:488,0,nXtcr0JrygUIS4zb1iLTkg
DA:496,0,WYcFe0kv/dWpjCQL7w5U0Q
DA:501,0,B/Fo9U4/nMeRNS1JjGZVyQ
DA:502,0,uGhzmaHMFWhUZg17YQJnVQ
DA:503,0,W7gQKZE150AQEaXFQIudGg
DA:504,0,xjcDBnSwra0OiNOAYAwoHA
DA:505,0,ztc00Zn1GK9ZnTADT19dpg
DA:506,0,Iyc7OFdUwu47XssfhAqplw
DA:507,0,9SBD4dYcb6g+lQ7Fd1s/Ag
DA:519,0,qRREenYn4c5PjoJTC0YoKA
DA:520,0,ULj8Wfa0ijBy9OIyhtMNeA
DA:522,0,YTs/o/nZP00n9+N5c0WkCg
DA:523,0,kFYvhchG8KxvF2O34S5rOQ
DA:524,0,CM8MNncQ1AlsBfFg+2NPog
DA:525,0,MN12OG4jrNTkw9ZmXWW7AA
DA:530,0,YmVxZIWd/jmgbbRFOU7OqQ
DA:531,0,91hTrHXNX2T/bmG2YUN3jg
DA:532,0,Iy7DKmj2HuZ2Il8crLX6SQ
DA:538,0,YmVxZIWd/jmgbbRFOU7OqQ
DA:539,0,BRjEVjM1HdoJD/ad7NEqxg
DA:540,0,hKgLdGIHFy8Qqk2C4Bk3Rg
DA:545,0,Lb0yfWVSBZso/46im8tB3Q
DA:550,0,z/xu0biDWVrFxQI/rvCfwg
DA:554,0,W15gQEfEcif8/NHYGksUcg
DA:555,0,R5ex6ebHFjCPOrE23UvgHw
DA:557,0,73GrTy/Q8MlZ+G3eithb6g
DA:558,0,Lc8zsg9RtPceCnlHqWl3Pw
DA:560,0,DhhdkN3Wx41tWEKBBxIPFQ
DA:561,0,+VCe9Tu4o5XienEBfQHUyg
DA:563,0,ipLBGZJ07ldga1a2emsQlw
DA:565,0,aG7Yg4H4JKrleXI9f9FuKw
DA:566,0,L/acBf3XUaNVOQqhUX4mbQ
DA:568,0,nI3m+alIxqJLycYJfy3OhQ
DA:583,0,V2Q01A0v6SQNXf84Jalowg
DA:586,0,N+YGyhMdFr2f526tba0Ksg
DA:592,0,8DQuMsk2cRFzD8GcCZMMQQ
DA:600,0,zlvVSkP8NHzJeIw4bTS6YQ
DA:601,0,aBzWy7X7FXPO/yZNfUxzMQ
DA:603,0,K/Yx+COIilQg8sCWnpsMWw
DA:604,0,wL73oJgPu4G5MHSZjgXTSw
DA:606,0,IfCIpJMedKUycYAgDHfUBw
DA:607,0,kHl5u2g2Hadi6b8bVCYshw
DA:609,0,Kckgh8njXMact7nP1Ok3FQ
DA:610,0,t/d+toIJDQMAZ2b6Siqy/w
DA:612,0,O8n1G4jpE9NgiDmRtSXG8A
DA:614,0,U5eYRGuaFkc9UP/CbCziKQ
DA:616,0,cxR4XLnhHb4Ciydg+PqPnA
DA:628,0,O5hKgp4YCvAMaBp13AITmw
DA:631,0,0YG1kEGauIm+0cSuSosQHA
DA:645,0,X0mK4bjmSdCIRNudTtRamA
DA:646,0,/OqIcKLWWYw8jnvLoovlww
DA:647,0,JGBNdHFliZZ+TdVwAKgyxg
DA:653,0,RThxbXap415r5yIkZ6mtkA
DA:654,0,0YG1kEGauIm+0cSuSosQHA
DA:657,0,yc0FTu2WQKXt2RhDJRZ75Q
DA:658,0,/KBzHxffS+Q6ccEOjVHGYg
DA:659,0,PhYvPSiGO9TprUS81cwgNQ
DA:660,0,SpyPes3pMahQJApsils2ew
DA:662,0,JfRdWWxRN4dqP7El6R3IwQ
DA:663,0,qan6Gs3eaWUPdn2wPtdtLQ
DA:665,0,MJwedTLg85Jm91tRdQ4dHw
DA:666,0,T57Qg0LC1xrYx2oCu3727A
DA:667,0,rTuX05zFbr3qOP4L4rdvtw
DA:668,0,hlbkZB3sBRNhGV4zo26lvQ
DA:669,0,xgaWurST5EB6UB1LMPbEHg
DA:670,0,wff6fz9z0xecFEB1q7stPA
DA:671,0,1FQgf3PQzYqf0VSsRwRWfg
DA:672,0,IkryPrN6tOobSRQo5yz7JA
DA:673,0,eAZ/VH79r078BZS2eD/EgA
DA:679,0,WsyTNFrOj4+vyXuh5CVPvQ
DA:683,0,acqTnAARwQZkSo/9SuoHTA
DA:687,0,hlTFvg1LkaYn/UWsZokY1g
DA:691,0,NQzmcr0lB16Z/8MpNMK7GQ
DA:698,0,xjcDBnSwra0OiNOAYAwoHA
DA:699,0,9z9hf6+NL8rtbsgS1ZxGcQ
DA:700,0,UJ7+LdEnCVBh2PXdpNtcMw
DA:701,0,4pAUk6ycW0KCvBAw3wYCWg
DA:702,0,lJyab8HLLeBAmFfuglldXg
DA:703,0,dIeXM8bKpGtZq6M1Y2tntg
DA:705,0,T8y7ZRWRhoxDZ53nKD7sHg
DA:706,0,JDar0iFRfn4Pmu6e/Y49AA
DA:709,0,GRQx1Davd7WZUynlYf+WbQ
DA:711,0,mue3KQF4Q/fvIubeRVVcrQ
DA:712,0,e8kfP1FJt/CdlwWu/iG/vQ
DA:713,0,+CR5oPQRxkihfbalOu2/8A
DA:714,0,D6f8TaxyoHoTq97tgJf4ww
DA:715,0,jcLI+gnBXSRVdboDBHKmVg
DA:716,0,a7K/HCYSwKApLMEi7uZOVw
DA:717,0,0t3OqBlyt4S90jPEr8tioQ
DA:718,0,0u4hx1qcmHhUNpsfD8WCWw
DA:719,0,vCimXYVSvHerB12tGi3BZQ
DA:721,0,iFLAqdRRsch9fIOJp0xwpw
DA:737,0,Wqe97u5AG+2NiDVOjzkuJg
DA:738,0,Ab7H3+jC6CvlCq+qRqqkJA
DA:743,0,M4JG1FAcJyZhEKAkccafow
DA:745,0,kRpLAn0gcaQBY0VQIVIT/w
DA:746,0,bx9BMbfinfvhhIBf5u3CuQ
DA:747,0,MnzpXe1veqpfA7nIMRo0OA
DA:749,0,N+TudfRYeGW2arsFoaMxpA
DA:750,0,nFuKcmmIjW8yksQ8aPF81A
DA:751,0,3OTIi4fVDt77VcYB3MsKZg
DA:753,0,U3yc2n7Jg0kFVh5bkf+apw
DA:756,0,hIY6pd+dnVz6vF0teysl8A
DA:757,0,1bBMsxJ3oIE2N6UaF3bHaQ
DA:758,0,NRNV262QwXarMfilxfTthA
DA:759,0,ebWYl/7u1UpdO4JVcTw52Q
DA:760,0,LHbZR68LR9KF3+ypLl/CEw
DA:761,0,Yspp9Fqd0ULu+qD2CxedLg
DA:762,0,p4jADojz5U7PWT0g6db9Gg
DA:763,0,ttsJxh3sZSGPt5e+Cvkt6w
DA:764,0,jXTizR4XhaHG+v18fRzB5g
DA:765,0,1JpqSQLo+Qil8oMgDlV/vQ
DA:766,0,2pxQC2K9VBZdORCKjpxvEQ
DA:767,0,6D2bAgpa9a+QluiUDe8LJw
DA:768,0,jy2hmt/vamFZ9ydqlDH15A
DA:769,0,lXLkMkU5nnVlwpBz5AP7Gg
DA:770,0,UFk/Aehdy1kKXApiJY59dA
DA:771,0,1JpqSQLo+Qil8oMgDlV/vQ
DA:772,0,1nwDYPW0T8PgDK02/SkJ4A
DA:773,0,Eh+jN9l3f/2JDJsaZhFo6Q
DA:774,0,7EIyBg5OiXtx8mO1gM2cgQ
DA:775,0,JYUBYGaxJaKmCWB7eIorMA
DA:776,0,VbbTuEvsrH76M0WFiGfjCA
DA:777,0,DPAYCCyiTGLI6lo/p9mdTw
DA:778,0,6jU4JLDLuQU6FrCxEjXRhg
DA:779,0,EJxBrPojTlO5lZPYJlcLQA
DA:780,0,bILj4pY/pxwJC6+WfN+YlQ
DA:781,0,Xi5Qqo3bmBiRFRf71au5+Q
DA:782,0,3a+qrOvkcitghVPd0hwzSA
DA:783,0,ezByVieyZ8FaiwDQp1NYng
DA:785,0,n5b7fBJbrt2dXQSDFhkoYA
DA:786,0,+suyjfPu+DmS7tMnE3jmUw
DA:787,0,Nd4yaCEReEDlvYxwHT5L7A
DA:788,0,iQZA97dvU239ywk1iLVzTg
DA:789,0,ptvdzQa+XwXx1w7iyfFy5g
DA:790,0,r8/Uf647LpIYigLmeG2aMw
DA:791,0,LcyfmFDpNq+DOGv0tB1/0Q
DA:792,0,8TyjSyRHHCn8zMznWe0Tkw
DA:793,0,RTVt6/2vbTxb80Uz1St4wQ
DA:794,0,6jb1JKoXx+XCvMzK5xHp3w
DA:795,0,SN/5COOLueiuQl/yAtP3/Q
DA:797,0,Dx/lyAjxPqcyttKfoT1mfw
DA:799,0,M4JG1FAcJyZhEKAkccafow
DA:800,0,SK+Z7QiFa3OCGXC/RgZyBw
DA:801,0,vNZ8o4GUWRMmA7tR6MestQ
DA:802,0,s/C6mZMQVrxcOT0R5chp4w
DA:803,0,rvMZtXwWTXxgv+AcBfT38w
DA:804,0,ijeMz7+YJwn/LbuTlqG2eQ
DA:814,0,KN9mS6qty10l8MjdySQRFA
DA:817,0,2/wiiLX5UjrZwzWv5qvmxQ
DA:818,0,xvWIcpcyNr0gyGcTkdMxXw
DA:819,0,FhUOsXnYwqAG8Pi/lg/dVw
DA:820,0,Dr4iceMEi7qvXsS7VW/wYg
DA:821,0,HRmYgrUgQRrlHMAQ7gWdXQ
DA:823,0,rqnq5EkontiUyhLhl5pu2g
DA:824,0,5jbYWTQemwM8PkuO+ncykA
DA:825,0,KP4lW/+DwxwB5u39mCd5jg
DA:826,0,F/ovhxXzD1Q7Y5kkpnTprQ
DA:827,0,bYkvrvdfY9dc2JMPkr+OGg
DA:828,0,SdpP3AGgp8Mb60ThDwJKoA
DA:830,0,suGL5c23+3eDWHThaeoUWQ
DA:832,0,Na/TIEmDaQ1rJAvKT5uFVQ
DA:834,0,15TXpb/ydhgwIYULUgD0Rw
DA:845,0,x4iwXbiRXJs+M0H+FZktGQ
DA:847,0,q747Xi+HV8Y4/IMY7QlkUQ
DA:848,0,l2rEc0bG6METgxDFDDWGHQ
DA:851,0,nu5SG66TQWxxnrgMSA++Zg
DA:852,0,btAIFE/XUscZREpD/uOuqw
DA:853,0,ghgzVpC5g5KvtxJ7DoXJnw
DA:855,0,zpyyIJe7/ha1mLt6KQYLag
DA:856,0,ALIYz5TJObRy8/fFItz8BA
DA:858,0,bvdYGj+UMYK2oFfucLH1dg
DA:859,0,5AGGWRgArwWg5opgDLIZ6A
DA:860,0,yAXYi9E5Y7jVruKLVMdUiA
DA:861,0,Kab694ZVFKry+cBPR/4fKA
DA:870,0,zsrqRdU31m1qVnZG+OF/yQ
DA:871,0,iGL3UaQoA2/lXz2Gp553tw
DA:872,0,Awm7PhV9x5yk46j5kzeUVg
DA:873,0,GxiROecVwdLOOHrk+JyNbA
DA:893,0,Nd+rvC+tgoCyZsKEaZJMGQ
DA:894,0,hk38MM/MFYm/GnDDHF7ySA
DA:895,0,/dun4mQAEQyGCxdLfEGT2A
DA:896,0,0YG1kEGauIm+0cSuSosQHA
DA:898,0,8eRudg868J5dC1Z7KltlTg
DA:912,0,0ztDLI0IYvFsdM/YB314qw
DA:913,0,8eRudg868J5dC1Z7KltlTg
DA:914,0,RRb7lVINnDdh71aNbTDQvw
DA:915,0,XfipmGASJ1VH8QM6CXeDeA
DA:916,0,26tI1H92PZBQlEjq01OrgQ
DA:917,0,pjjLvm0x9Wd6+vIVzqugpQ
DA:918,0,/zlrmFogZjBhLdhih0WPwg
DA:932,0,DKEavIjFjZxjisLxaifgGg
DA:933,0,ybxqidk4F4J76ppz2KbGwA
DA:934,0,JgONLfAgIQ6ne19SnBY36A
DA:935,0,0YG1kEGauIm+0cSuSosQHA
DA:937,0,8eRudg868J5dC1Z7KltlTg
DA:948,0,/tI8uuJSpiblO6mg2StImQ
DA:949,0,EjSEu/U2deICRr1ykxBvwg
DA:950,0,zQDC7WjUZY8IxviHFeizoQ
DA:953,0,iSM3L638x1jls0eE/TKYcA
DA:954,0,D5VWzDr+fg9v9cNeK8kspA
DA:955,0,+x2+azKvmsOqbofgUpXLzA
DA:976,0,WWRPmPoQxEZYJkhk9+9axQ
DA:977,0,7a6iEiO6Zzu8yfez5LxOyQ
LF:491
LH:261
end_of_record
